Determining if the pthread_create exist failed with the following output:
Change Dir: /home/rui/CLionProjects/test_read_sst/cmake-build-debug/CMakeFiles/CMakeTmp

Run Build Command:"/usr/bin/make" "cmTC_0f7c2/fast"
/usr/bin/make -f CMakeFiles/cmTC_0f7c2.dir/build.make CMakeFiles/cmTC_0f7c2.dir/build
make[1]: Entering directory '/home/rui/CLionProjects/test_read_sst/cmake-build-debug/CMakeFiles/CMakeTmp'
Building C object CMakeFiles/cmTC_0f7c2.dir/CheckSymbolExists.c.o
/usr/bin/cc    -o CMakeFiles/cmTC_0f7c2.dir/CheckSymbolExists.c.o   -c /home/rui/CLionProjects/test_read_sst/cmake-build-debug/CMakeFiles/CMakeTmp/CheckSymbolExists.c
Linking C executable cmTC_0f7c2
/home/rui/software/clion/clion-2018.3.2/bin/cmake/linux/bin/cmake -E cmake_link_script CMakeFiles/cmTC_0f7c2.dir/link.txt --verbose=1
/usr/bin/cc      CMakeFiles/cmTC_0f7c2.dir/CheckSymbolExists.c.o  -o cmTC_0f7c2 
CMakeFiles/cmTC_0f7c2.dir/CheckSymbolExists.c.o：在函数‘main’中：
CheckSymbolExists.c:(.text+0x16)：对‘pthread_create’未定义的引用
collect2: error: ld returned 1 exit status
CMakeFiles/cmTC_0f7c2.dir/build.make:86: recipe for target 'cmTC_0f7c2' failed
make[1]: *** [cmTC_0f7c2] Error 1
make[1]: Leaving directory '/home/rui/CLionProjects/test_read_sst/cmake-build-debug/CMakeFiles/CMakeTmp'
Makefile:121: recipe for target 'cmTC_0f7c2/fast' failed
make: *** [cmTC_0f7c2/fast] Error 2

File /home/rui/CLionProjects/test_read_sst/cmake-build-debug/CMakeFiles/CMakeTmp/CheckSymbolExists.c:
/* */
#include <pthread.h>

int main(int argc, char** argv)
{
  (void)argv;
#ifndef pthread_create
  return ((int*)(&pthread_create))[argc];
#else
  (void)argc;
  return 0;
#endif
}

Determining if the function pthread_create exists in the pthreads failed with the following output:
Change Dir: /home/rui/CLionProjects/test_read_sst/cmake-build-debug/CMakeFiles/CMakeTmp

Run Build Command:"/usr/bin/make" "cmTC_1fabb/fast"
/usr/bin/make -f CMakeFiles/cmTC_1fabb.dir/build.make CMakeFiles/cmTC_1fabb.dir/build
make[1]: Entering directory '/home/rui/CLionProjects/test_read_sst/cmake-build-debug/CMakeFiles/CMakeTmp'
Building C object CMakeFiles/cmTC_1fabb.dir/CheckFunctionExists.c.o
/usr/bin/cc   -DCHECK_FUNCTION_EXISTS=pthread_create   -o CMakeFiles/cmTC_1fabb.dir/CheckFunctionExists.c.o   -c /home/rui/software/clion/clion-2018.3.2/bin/cmake/linux/share/cmake-3.13/Modules/CheckFunctionExists.c
Linking C executable cmTC_1fabb
/home/rui/software/clion/clion-2018.3.2/bin/cmake/linux/bin/cmake -E cmake_link_script CMakeFiles/cmTC_1fabb.dir/link.txt --verbose=1
/usr/bin/cc  -DCHECK_FUNCTION_EXISTS=pthread_create    CMakeFiles/cmTC_1fabb.dir/CheckFunctionExists.c.o  -o cmTC_1fabb -lpthreads 
/usr/bin/ld: 找不到 -lpthreads
collect2: error: ld returned 1 exit status
CMakeFiles/cmTC_1fabb.dir/build.make:86: recipe for target 'cmTC_1fabb' failed
make[1]: *** [cmTC_1fabb] Error 1
make[1]: Leaving directory '/home/rui/CLionProjects/test_read_sst/cmake-build-debug/CMakeFiles/CMakeTmp'
Makefile:121: recipe for target 'cmTC_1fabb/fast' failed
make: *** [cmTC_1fabb/fast] Error 2


